<?xml version="1.0" encoding="UTF-8"?>
<!-- Generated by org.testng.reporters.JUnitReportReporter -->
<testsuite hostname="DESKTOP-3FP4D97" failures="0" tests="1" name="com.testscenarios.DragAndDrop" time="48.527" errors="0" timestamp="2021-09-26T07:26:53 IST" skipped="0">
  <testcase classname="com.testscenarios.DragAndDrop" name="f" time="48.527"/>
  <system-out/>
</testsuite> <!-- com.testscenarios.DragAndDrop -->
