<?xml version="1.0" encoding="UTF-8"?>
<!-- Generated by org.testng.reporters.JUnitReportReporter -->
<testsuite hostname="DESKTOP-3FP4D97" failures="0" tests="1" name="com.testscenarios.AppleVacations_Reg" time="19.031" errors="0" timestamp="2021-09-24T13:17:25 IST" skipped="0">
  <testcase classname="com.testscenarios.AppleVacations_Reg" name="f" time="19.031"/>
  <system-out/>
</testsuite> <!-- com.testscenarios.AppleVacations_Reg -->
