<?xml version="1.0" encoding="UTF-8"?>
<!-- Generated by org.testng.reporters.JUnitReportReporter -->
<testsuite hostname="DESKTOP-3FP4D97" failures="0" tests="1" name="com.testscenarios.OpenNewTab" time="15.229" errors="0" timestamp="2021-08-13T18:45:39 IST" skipped="0">
  <testcase classname="com.testscenarios.OpenNewTab" name="f" time="15.229"/>
  <system-out/>
</testsuite> <!-- com.testscenarios.OpenNewTab -->
