<?xml version="1.0" encoding="UTF-8"?>
<!-- Generated by org.testng.reporters.JUnitReportReporter -->
<testsuite hostname="DESKTOP-3FP4D97" failures="0" tests="1" name="com.testscenarios.SwitchToTab" time="47.745" errors="0" timestamp="2021-08-13T14:26:24 IST" skipped="0">
  <testcase classname="com.testscenarios.SwitchToTab" name="f" time="47.745"/>
  <system-out/>
</testsuite> <!-- com.testscenarios.SwitchToTab -->
