<?xml version="1.0" encoding="UTF-8"?>
<!-- Generated by org.testng.reporters.JUnitReportReporter -->
<testsuite hostname="DESKTOP-3FP4D97" failures="0" tests="1" name="com.testscenarios.FB_Login" time="4.572" errors="0" timestamp="2021-09-26T07:26:53 IST" skipped="0">
  <testcase classname="com.testscenarios.FB_Login" name="fblogin" time="4.572"/>
  <system-out/>
</testsuite> <!-- com.testscenarios.FB_Login -->
