<?xml version="1.0" encoding="UTF-8"?>
<!-- Generated by org.testng.reporters.JUnitReportReporter -->
<testsuite hostname="DESKTOP-3FP4D97" failures="0" tests="1" name="com.testscenarios.Frames" time="2.712" errors="0" timestamp="2021-08-10T18:40:33 IST" skipped="0">
  <testcase classname="com.testscenarios.Frames" name="frames" time="2.712"/>
  <system-out/>
</testsuite> <!-- com.testscenarios.Frames -->
