<?xml version="1.0" encoding="UTF-8"?>
<!-- Generated by org.testng.reporters.JUnitReportReporter -->
<testsuite hostname="DESKTOP-3FP4D97" failures="0" tests="1" name="com.testscenarios.WebTable_Demo" time="8.140" errors="0" timestamp="2021-09-24T16:37:51 IST" skipped="0">
  <testcase classname="com.testscenarios.WebTable_Demo" name="f" time="8.140"/>
  <system-out/>
</testsuite> <!-- com.testscenarios.WebTable_Demo -->
