<?xml version="1.0" encoding="UTF-8"?>
<!-- Generated by org.testng.reporters.JUnitReportReporter -->
<testsuite hostname="DESKTOP-3FP4D97" failures="0" tests="1" name="com.testscenarios.WomenStrore" time="18.577" errors="0" timestamp="2021-09-11T17:15:57 IST" skipped="0">
  <testcase classname="com.testscenarios.WomenStrore" name="f" time="18.577"/>
  <system-out/>
</testsuite> <!-- com.testscenarios.WomenStrore -->
