<?xml version="1.0" encoding="UTF-8"?>
<!-- Generated by org.testng.reporters.JUnitReportReporter -->
<testsuite hostname="DESKTOP-3FP4D97" failures="0" tests="1" name="com.testscenarios.ClassTemplate" time="0.338" errors="0" timestamp="2021-09-26T07:26:52 IST" skipped="0">
  <testcase classname="com.testscenarios.ClassTemplate" name="f" time="0.338"/>
  <system-out/>
</testsuite> <!-- com.testscenarios.ClassTemplate -->
