<?xml version="1.0" encoding="UTF-8"?>
<!-- Generated by org.testng.reporters.JUnitReportReporter -->
<testsuite hostname="DESKTOP-3FP4D97" failures="0" tests="1" name="com.testscenarios.PopupHandle_ToCloseTheChildWindows" time="40.571" errors="0" timestamp="2021-08-12T18:05:44 IST" skipped="0">
  <testcase classname="com.testscenarios.PopupHandle_ToCloseTheChildWindows" name="f" time="40.571"/>
  <system-out/>
</testsuite> <!-- com.testscenarios.PopupHandle_ToCloseTheChildWindows -->
