<?xml version="1.0" encoding="UTF-8"?>
<!-- Generated by org.testng.reporters.JUnitReportReporter -->
<testsuite hostname="DESKTOP-3FP4D97" failures="0" tests="1" name="com.testscenarios.SBI_Popup" time="27.715" errors="0" timestamp="2021-09-22T14:21:26 IST" skipped="0">
  <testcase classname="com.testscenarios.SBI_Popup" name="f" time="27.715"/>
  <system-out/>
</testsuite> <!-- com.testscenarios.SBI_Popup -->
