<?xml version="1.0" encoding="UTF-8"?>
<!-- Generated by org.testng.reporters.JUnitReportReporter -->
<testsuite hostname="DESKTOP-3FP4D97" failures="0" tests="1" name="com.testscenarios.PopUpWindow" time="8.067" errors="0" timestamp="2021-08-13T18:17:23 IST" skipped="0">
  <testcase classname="com.testscenarios.PopUpWindow" name="f" time="8.067"/>
  <system-out/>
</testsuite> <!-- com.testscenarios.PopUpWindow -->
