<?xml version="1.0" encoding="UTF-8"?>
<!-- Generated by org.testng.reporters.JUnitReportReporter -->
<testsuite hostname="DESKTOP-3FP4D97" failures="0" tests="1" name="com.testscenarios.ToyotaForms" time="39.623" errors="0" timestamp="2021-08-12T12:14:03 IST" skipped="0">
  <testcase classname="com.testscenarios.ToyotaForms" name="f" time="39.623"/>
  <system-out/>
</testsuite> <!-- com.testscenarios.ToyotaForms -->
