<?xml version="1.0" encoding="UTF-8"?>
<!-- Generated by org.testng.reporters.JUnitReportReporter -->
<testsuite hostname="DESKTOP-3FP4D97" failures="0" tests="1" name="com.testscenarios.FramesSample" time="104.798" errors="0" timestamp="2021-08-11T08:43:15 IST" skipped="0">
  <testcase classname="com.testscenarios.FramesSample" name="f" time="104.798"/>
  <system-out/>
</testsuite> <!-- com.testscenarios.FramesSample -->
